
27/5/2019 15:59:23 UTC    INIT: Node.js server listening on 8080

27/5/2019 16:1:14 UTC    INIT: Node.js server listening on 8080

27/5/2019 16:1:57 UTC    INIT: Node.js server listening on 8080

27/5/2019 16:2:29 UTC    INIT: Node.js server listening on 8080

27/5/2019 16:3:54 UTC    INIT: Node.js server listening on 8080

27/5/2019 16:6:28 UTC    INIT: Node.js server listening on 8080

27/5/2019 16:7:47 UTC    INIT: Node.js server listening on 8080

28/5/2019 14:16:51 UTC    INIT: Node.js server listening on 8080

28/5/2019 14:19:23 UTC    INIT: Node.js server listening on 8080

28/5/2019 14:21:12 UTC    INIT: Node.js server listening on 8080

28/5/2019 14:22:1 UTC    INIT: Node.js server listening on 8080

28/5/2019 14:23:47 UTC    INIT: Node.js server listening on 8080

28/5/2019 14:32:26 UTC    INIT: Node.js server listening on 8080

28/5/2019 14:34:2 UTC    INIT: Node.js server listening on 8080

28/5/2019 14:36:10 UTC    INIT: Node.js server listening on 8080

28/5/2019 14:37:22 UTC    INIT: Node.js server listening on 8080

28/5/2019 14:41:12 UTC    INIT: Node.js server listening on 8080
28/5/2019 14:41:39 UTC              ERROR: DannoPeters/Repo-B push confirmation failed: ReferenceError: modified is not defined

28/5/2019 14:44:13 UTC    INIT: Node.js server listening on 8080
28/5/2019 14:44:24 UTC              ERROR: Terminal Command Failed: Error: Command failed: cd /run/media/peters/Danno_SuperDARN/Git_Projects/Repo-B && git commit -m "User: DannoPeters   Message:Update hdw.dat.ade"
28/5/2019 14:45:20 UTC              ERROR: Terminal Command Failed: Error: Command failed: cd /run/media/peters/Danno_SuperDARN/Git_Projects/Repo-B && git commit -m "User: DannoPeters   Message:Update hdw.dat.bks"

28/5/2019 15:0:21 UTC    INIT: Node.js server listening on 8080

28/5/2019 15:1:3 UTC    INIT: Node.js server listening on 8080

28/5/2019 15:2:16 UTC    INIT: Node.js server listening on 8080

28/5/2019 15:3:41 UTC    INIT: Node.js server listening on 8080

28/5/2019 15:4:26 UTC    INIT: Node.js server listening on 8080

28/5/2019 15:4:56 UTC    INIT: Node.js server listening on 8080

28/5/2019 15:5:41 UTC    INIT: Node.js server listening on 8080
28/5/2019 15:6:5 UTC              ERROR: DannoPeters/Repo-B push confirmation failed: TypeError: Cannot read property 'length' of undefined

28/5/2019 15:14:1 UTC    INIT: Node.js server listening on 8080
28/5/2019 15:14:21 UTC              ERROR: Terminal Command Failed: Error: Command failed: cp /run/media/peters/Danno_SuperDARN/Git_Projects/Repo-A/HDW/hdw.dat.ade /run/media/peters/Danno_SuperDARN/Git_Projects/Repo-B/hardware_dir/H/D/W/,/h/d/w/./d/a/t/./a/d/
cp: cannot create regular file '/run/media/peters/Danno_SuperDARN/Git_Projects/Repo-B/hardware_dir/H/D/W/,/h/d/w/./d/a/t/./a/d/': No such file or directory

28/5/2019 15:14:25 UTC              ERROR: Terminal Command Failed: Error: Command failed: cd /run/media/peters/Danno_SuperDARN/Git_Projects/Repo-B && git commit -m "User: DannoPeters   Message:Update hdw.dat.ade"

28/5/2019 15:16:59 UTC    INIT: Node.js server listening on 8080
28/5/2019 15:17:22 UTC              ERROR: Terminal Command Failed: Error: Command failed: cp /run/media/peters/Danno_SuperDARN/Git_Projects/Repo-A/HDW/hdw.dat.ade /run/media/peters/Danno_SuperDARN/Git_Projects/Repo-B/hardware_dir/H/D/W/,/h/d/w/./d/a/t/./a/d/
cp: cannot create regular file '/run/media/peters/Danno_SuperDARN/Git_Projects/Repo-B/hardware_dir/H/D/W/,/h/d/w/./d/a/t/./a/d/': No such file or directory

28/5/2019 15:17:26 UTC              ERROR: Terminal Command Failed: Error: Command failed: cd /run/media/peters/Danno_SuperDARN/Git_Projects/Repo-B && git commit -m "User: DannoPeters   Message:Update hdw.dat.ade"

28/5/2019 15:19:2 UTC    INIT: Node.js server listening on 8080
28/5/2019 15:19:18 UTC              ERROR: Terminal Command Failed: Error: Command failed: cp /run/media/peters/Danno_SuperDARN/Git_Projects/Repo-A/HDW/hdw.dat.ade /run/media/peters/Danno_SuperDARN/Git_Projects/Repo-B/hardware_dir/H,D,W,,,h,d,w,.,d,a,t,.,a,d,e/H,D,W,,,h,d,w,.,d,a,t,.,a,d,e/H,D,W,,,h,d,w,.,d,a,t,.,a,d,e/H,D,W,,,h,d,w,.,d,a,t,.,a,d,e/H,D,W,,,h,d,w,.,d,a,t,.,a,d,e/H,D,W,,,h,d,w,.,d,a,t,.,a,d,e/H,D,W,,,h,d,w,.,d,a,t,.,a,d,e/H,D,W,,,h,d,w,.,d,a,t,.,a,d,e/H,D,W,,,h,d,w,.,d,a,t,.,a,d,e/H,D,W,,,h,d,w,.,d,a,t,.,a,d,e/H,D,W,,,h,d,w,.,d,a,t,.,a,d,e/H,D,W,,,h,d,w,.,d,a,t,.,a,d,e/H,D,W,,,h,d,w,.,d,a,t,.,a,d,e/H,D,W,,,h,d,w,.,d,a,t,.,a,d,e/
cp: cannot create regular file '/run/media/peters/Danno_SuperDARN/Git_Projects/Repo-B/hardware_dir/H,D,W,,,h,d,w,.,d,a,t,.,a,d,e/H,D,W,,,h,d,w,.,d,a,t,.,a,d,e/H,D,W,,,h,d,w,.,d,a,t,.,a,d,e/H,D,W,,,h,d,w,.,d,a,t,.,a,d,e/H,D,W,,,h,d,w,.,d,a,t,.,a,d,e/H,D,W,,,h,d,w,.,d,a,t,.,a,d,e/H,D,W,,,h,d,w,.,d,a,t,.,a,d,e/H,D,W,,,h,d,w,.,d,a,t,.,a,d,e/H,D,W,,,h,d,w,.,d,a,t,.,a,d,e/H,D,W,,,h,d,w,.,d,a,t,.,a,d,e/H,D,W,,,h,d,w,.,d,a,t,.,a,d,e/H,D,W,,,h,d,w,.,d,a,t,.,a,d,e/H,D,W,,,h,d,w,.,d,a,t,.,a,d,e/H,D,W,,,h,d,w,.,d,a,t,.,a,d,e/': No such file or directory

28/5/2019 15:19:22 UTC              ERROR: Terminal Command Failed: Error: Command failed: cd /run/media/peters/Danno_SuperDARN/Git_Projects/Repo-B && git commit -m "User: DannoPeters   Message:Update hdw.dat.ade"

28/5/2019 15:25:26 UTC    INIT: Node.js server listening on 8080

28/5/2019 15:28:41 UTC    INIT: Node.js server listening on 8080
28/5/2019 15:28:59 UTC              ERROR: Terminal Command Failed: Error: Command failed: cp /run/media/peters/Danno_SuperDARN/Git_Projects/Repo-A/HDW/hdw.dat.ade /run/media/peters/Danno_SuperDARN/Git_Projects/Repo-B/hardware_dir/0/
cp: cannot create regular file '/run/media/peters/Danno_SuperDARN/Git_Projects/Repo-B/hardware_dir/0/': Not a directory

28/5/2019 15:29:4 UTC              ERROR: Terminal Command Failed: Error: Command failed: cd /run/media/peters/Danno_SuperDARN/Git_Projects/Repo-B && git commit -m "User: DannoPeters   Message:Update hdw.dat.ade"

28/5/2019 15:29:29 UTC    INIT: Node.js server listening on 8080
28/5/2019 15:29:46 UTC              ERROR: Terminal Command Failed: Error: Command failed: cp /run/media/peters/Danno_SuperDARN/Git_Projects/Repo-A/HDW/hdw.dat.ade /run/media/peters/Danno_SuperDARN/Git_Projects/Repo-B/hardware_dir/H/
cp: cannot create regular file '/run/media/peters/Danno_SuperDARN/Git_Projects/Repo-B/hardware_dir/H/': Not a directory

28/5/2019 15:29:51 UTC              ERROR: Terminal Command Failed: Error: Command failed: cd /run/media/peters/Danno_SuperDARN/Git_Projects/Repo-B && git commit -m "User: DannoPeters   Message:Update hdw.dat.ade"

28/5/2019 15:31:59 UTC    INIT: Node.js server listening on 8080
28/5/2019 15:32:16 UTC              ERROR: Terminal Command Failed: Error: Command failed: cp /run/media/peters/Danno_SuperDARN/Git_Projects/Repo-A/HDW/hdw.dat.ade /run/media/peters/Danno_SuperDARN/Git_Projects/Repo-B/hardware_dir/H,D,W,,,h,d,w,.,d,a,t,.,a,d/
cp: cannot create regular file '/run/media/peters/Danno_SuperDARN/Git_Projects/Repo-B/hardware_dir/H,D,W,,,h,d,w,.,d,a,t,.,a,d/': Not a directory

28/5/2019 15:32:20 UTC              ERROR: Terminal Command Failed: Error: Command failed: cd /run/media/peters/Danno_SuperDARN/Git_Projects/Repo-B && git commit -m "User: DannoPeters   Message:Update hdw.dat.ade"

28/5/2019 15:32:57 UTC    INIT: Node.js server listening on 8080
28/5/2019 15:33:14 UTC              ERROR: Terminal Command Failed: Error: Command failed: cp /run/media/peters/Danno_SuperDARN/Git_Projects/Repo-A/HDW/hdw.dat.ade /run/media/peters/Danno_SuperDARN/Git_Projects/Repo-B/hardware_dir/HDW/hdw.dat.ade/
cp: failed to access '/run/media/peters/Danno_SuperDARN/Git_Projects/Repo-B/hardware_dir/HDW/hdw.dat.ade/': Not a directory

28/5/2019 15:33:19 UTC              ERROR: Terminal Command Failed: Error: Command failed: cd /run/media/peters/Danno_SuperDARN/Git_Projects/Repo-B && git commit -m "User: DannoPeters   Message:Update hdw.dat.ade"

28/5/2019 15:34:10 UTC    INIT: Node.js server listening on 8080
28/5/2019 15:34:25 UTC              ERROR: Terminal Command Failed: Error: Command failed: cp /run/media/peters/Danno_SuperDARN/Git_Projects/Repo-A/HDW/hdw.dat.ade /run/media/peters/Danno_SuperDARN/Git_Projects/Repo-B/hardware_dir/HDW/hdw.dat.ade/
cp: failed to access '/run/media/peters/Danno_SuperDARN/Git_Projects/Repo-B/hardware_dir/HDW/hdw.dat.ade/': Not a directory

28/5/2019 15:34:30 UTC              ERROR: Terminal Command Failed: Error: Command failed: cd /run/media/peters/Danno_SuperDARN/Git_Projects/Repo-B && git commit -m "User: DannoPeters   Message:Update hdw.dat.ade"

28/5/2019 15:36:30 UTC    INIT: Node.js server listening on 8080
28/5/2019 15:36:46 UTC              ERROR: Terminal Command Failed: Error: Command failed: cp /run/media/peters/Danno_SuperDARN/Git_Projects/Repo-A/HDW/hdw.dat.ade /run/media/peters/Danno_SuperDARN/Git_Projects/Repo-B/hardware_dir/HDW/hdw.dat.ade/
cp: failed to access '/run/media/peters/Danno_SuperDARN/Git_Projects/Repo-B/hardware_dir/HDW/hdw.dat.ade/': Not a directory

28/5/2019 15:36:51 UTC              ERROR: Terminal Command Failed: Error: Command failed: cd /run/media/peters/Danno_SuperDARN/Git_Projects/Repo-B && git commit -m "User: DannoPeters   Message:Update hdw.dat.ade"

28/5/2019 15:40:34 UTC    INIT: Node.js server listening on 8080

28/5/2019 15:41:32 UTC    INIT: Node.js server listening on 8080
28/5/2019 15:41:52 UTC              ERROR: Terminal Command Failed: Error: Command failed: cp /run/media/peters/Danno_SuperDARN/Git_Projects/Repo-A/HDW/hdw.dat.ade /run/media/peters/Danno_SuperDARN/Git_Projects/Repo-B/hardware_dir/HDW/hdw.dat.ade/
cp: failed to access '/run/media/peters/Danno_SuperDARN/Git_Projects/Repo-B/hardware_dir/HDW/hdw.dat.ade/': Not a directory

28/5/2019 15:41:57 UTC              ERROR: Terminal Command Failed: Error: Command failed: cd /run/media/peters/Danno_SuperDARN/Git_Projects/Repo-B && git commit -m "User: DannoPeters   Message:Update hdw.dat.ade"

28/5/2019 15:48:27 UTC    INIT: Node.js server listening on 8080
28/5/2019 15:48:51 UTC              ERROR: Terminal Command Failed: Error: Command failed: cp /run/media/peters/Danno_SuperDARN/Git_Projects/Repo-A/HDW/hdw.dat.ade /run/media/peters/Danno_SuperDARN/Git_Projects/Repo-B/hardware_dir/HDW/hdw.dat.ade/
cp: failed to access '/run/media/peters/Danno_SuperDARN/Git_Projects/Repo-B/hardware_dir/HDW/hdw.dat.ade/': Not a directory

28/5/2019 15:48:56 UTC              ERROR: Terminal Command Failed: Error: Command failed: cd /run/media/peters/Danno_SuperDARN/Git_Projects/Repo-B && git commit -m "User: DannoPeters   Message:Update hdw.dat.ade"

28/5/2019 15:55:5 UTC    INIT: Node.js server listening on 8080
28/5/2019 15:55:23 UTC              ERROR: Terminal Command Failed: Error: Command failed: cp /run/media/peters/Danno_SuperDARN/Git_Projects/Repo-A/HDW/hdw.dat.ade /run/media/peters/Danno_SuperDARN/Git_Projects/Repo-B/hardware_dir/HDW/hdw.dat.ade/
cp: failed to access '/run/media/peters/Danno_SuperDARN/Git_Projects/Repo-B/hardware_dir/HDW/hdw.dat.ade/': Not a directory

28/5/2019 15:55:28 UTC              ERROR: Terminal Command Failed: Error: Command failed: cd /run/media/peters/Danno_SuperDARN/Git_Projects/Repo-B && git commit -m "User: DannoPeters   Message:Update hdw.dat.ade"

28/5/2019 15:56:4 UTC    INIT: Node.js server listening on 8080
28/5/2019 15:56:21 UTC              ERROR: Terminal Command Failed: Error: Command failed: cp /run/media/peters/Danno_SuperDARN/Git_Projects/Repo-A/HDW/hdw.dat.ade /run/media/peters/Danno_SuperDARN/Git_Projects/Repo-B/hardware_dir/HDW/hdw.dat.ade/
cp: failed to access '/run/media/peters/Danno_SuperDARN/Git_Projects/Repo-B/hardware_dir/HDW/hdw.dat.ade/': Not a directory

28/5/2019 15:56:25 UTC              ERROR: Terminal Command Failed: Error: Command failed: cd /run/media/peters/Danno_SuperDARN/Git_Projects/Repo-B && git commit -m "User: DannoPeters   Message:Update hdw.dat.ade"

28/5/2019 15:59:59 UTC    INIT: Node.js server listening on 8080
28/5/2019 16:0:28 UTC              ERROR: Terminal Command Failed: Error: Command failed: cp /run/media/peters/Danno_SuperDARN/Git_Projects/Repo-A/HDW/hdw.dat.ade /run/media/peters/Danno_SuperDARN/Git_Projects/Repo-B/hardware_dir/HDW/hdw.dat.ade/
cp: failed to access '/run/media/peters/Danno_SuperDARN/Git_Projects/Repo-B/hardware_dir/HDW/hdw.dat.ade/': Not a directory

28/5/2019 16:0:32 UTC              ERROR: Terminal Command Failed: Error: Command failed: cd /run/media/peters/Danno_SuperDARN/Git_Projects/Repo-B && git commit -m "User: DannoPeters   Message:Update hdw.dat.ade"

28/5/2019 16:5:43 UTC    INIT: Node.js server listening on 8080

28/5/2019 16:6:23 UTC    INIT: Node.js server listening on 8080
28/5/2019 16:6:41 UTC              ERROR: Terminal Command Failed: Error: Command failed: cp /run/media/peters/Danno_SuperDARN/Git_Projects/Repo-A/HDW/hdw.dat.ade /run/media/peters/Danno_SuperDARN/Git_Projects/Repo-B/hardware_dir/HDW/hdw.dat.ade/
cp: failed to access '/run/media/peters/Danno_SuperDARN/Git_Projects/Repo-B/hardware_dir/HDW/hdw.dat.ade/': Not a directory

28/5/2019 16:6:45 UTC              ERROR: Terminal Command Failed: Error: Command failed: cd /run/media/peters/Danno_SuperDARN/Git_Projects/Repo-B && git commit -m "User: DannoPeters   Message:Update hdw.dat.ade"

28/5/2019 16:24:3 UTC    INIT: Node.js server listening on 8080

28/5/2019 16:37:42 UTC    INIT: Node.js server listening on 8080

28/5/2019 16:47:50 UTC    INIT: Node.js server listening on 8080

28/5/2019 16:51:26 UTC    INIT: Node.js server listening on 8080

28/5/2019 16:51:57 UTC    INIT: Node.js server listening on 8080
28/5/2019 16:52:24 UTC              ERROR: Terminal Command Failed: Error: Command failed: cp /run/media/peters/Danno_SuperDARN/Git_Projects/Repo-A/HDW/hdw.dat.ade /run/media/peters/Danno_SuperDARN/Git_Projects/Repo-B/hardware_dir/HDW/hdw.dat.ade/
cp: failed to access '/run/media/peters/Danno_SuperDARN/Git_Projects/Repo-B/hardware_dir/HDW/hdw.dat.ade/': Not a directory

28/5/2019 16:52:28 UTC              ERROR: Terminal Command Failed: Error: Command failed: cd /run/media/peters/Danno_SuperDARN/Git_Projects/Repo-B && git commit -m "User: DannoPeters   Message:Update hdw.dat.ade"

28/5/2019 16:54:5 UTC    INIT: Node.js server listening on 8080
28/5/2019 16:54:29 UTC              ERROR: Terminal Command Failed: Error: Command failed: cp /run/media/peters/Danno_SuperDARN/Git_Projects/Repo-A/HDW/hdw.dat.ade /run/media/peters/Danno_SuperDARN/Git_Projects/Repo-B/hardware_dir/HDW/hdw.dat.ade/
cp: failed to access '/run/media/peters/Danno_SuperDARN/Git_Projects/Repo-B/hardware_dir/HDW/hdw.dat.ade/': Not a directory

28/5/2019 16:54:30 UTC              ERROR: Terminal Command Failed: Error: Command failed: cd /run/media/peters/Danno_SuperDARN/Git_Projects/Repo-B && git commit -m "User: DannoPeters   Message:Update hdw.dat.ade"

28/5/2019 16:56:58 UTC    INIT: Node.js server listening on 8080
28/5/2019 16:57:11 UTC              ERROR: Terminal Command Failed: Error: Command failed: cp /run/media/peters/Danno_SuperDARN/Git_Projects/Repo-A/HDW/hdw.dat.ade /run/media/peters/Danno_SuperDARN/Git_Projects/Repo-B/hardware_dir/HDW/hdw.dat.ade/
cp: failed to access '/run/media/peters/Danno_SuperDARN/Git_Projects/Repo-B/hardware_dir/HDW/hdw.dat.ade/': Not a directory

28/5/2019 16:57:11 UTC              ERROR: Terminal Command Failed: Error: Command failed: cd /run/media/peters/Danno_SuperDARN/Git_Projects/Repo-B && git commit -m "User: DannoPeters   Message:Update hdw.dat.ade"

28/5/2019 16:58:18 UTC    INIT: Node.js server listening on 8080
28/5/2019 16:58:32 UTC              ERROR: Terminal Command Failed: Error: Command failed: cp /run/media/peters/Danno_SuperDARN/Git_Projects/Repo-A/HDW/hdw.dat.ade /run/media/peters/Danno_SuperDARN/Git_Projects/Repo-B/hardware_dir/HDW/hdw.dat.ade/
cp: failed to access '/run/media/peters/Danno_SuperDARN/Git_Projects/Repo-B/hardware_dir/HDW/hdw.dat.ade/': Not a directory

28/5/2019 16:58:32 UTC              ERROR: Terminal Command Failed: Error: Command failed: cd /run/media/peters/Danno_SuperDARN/Git_Projects/Repo-B && git commit -m "User: DannoPeters   Message:Update hdw.dat.ade"

28/5/2019 17:3:49 UTC    INIT: Node.js server listening on 8080
28/5/2019 17:4:0 UTC              ERROR: Terminal Command Failed: Error: Command failed: cp /run/media/peters/Danno_SuperDARN/Git_Projects/Repo-A/HDW/hdw.dat.ade /run/media/peters/Danno_SuperDARN/Git_Projects/Repo-B/hardware_dir/HDW/hdw.dat.ade/HDW/hdw.dat.ade/HDW/hdw.dat.ade/HDW/hdw.dat.ade/HDW/hdw.dat.ade/HDW/hdw.dat.ade/HDW/hdw.dat.ade/HDW/hdw.dat.ade/HDW/hdw.dat.ade/HDW/hdw.dat.ade/HDW/hdw.dat.ade/
cp: failed to access '/run/media/peters/Danno_SuperDARN/Git_Projects/Repo-B/hardware_dir/HDW/hdw.dat.ade/HDW/hdw.dat.ade/HDW/hdw.dat.ade/HDW/hdw.dat.ade/HDW/hdw.dat.ade/HDW/hdw.dat.ade/HDW/hdw.dat.ade/HDW/hdw.dat.ade/HDW/hdw.dat.ade/HDW/hdw.dat.ade/HDW/hdw.dat.ade/': Not a directory

28/5/2019 17:4:0 UTC              ERROR: Terminal Command Failed: Error: Command failed: cd /run/media/peters/Danno_SuperDARN/Git_Projects/Repo-B && git commit -m "User: DannoPeters   Message:Update hdw.dat.ade"

28/5/2019 17:7:47 UTC    INIT: Node.js server listening on 8080
28/5/2019 17:8:0 UTC              ERROR: Terminal Command Failed: Error: Command failed: cp /run/media/peters/Danno_SuperDARN/Git_Projects/Repo-A/HDW/hdw.dat.ade /run/media/peters/Danno_SuperDARN/Git_Projects/Repo-B/hardware_dir/0/1/2/3/4/5/6/7/8/9/10/
cp: cannot create regular file '/run/media/peters/Danno_SuperDARN/Git_Projects/Repo-B/hardware_dir/0/1/2/3/4/5/6/7/8/9/10/': No such file or directory

28/5/2019 17:8:0 UTC              ERROR: Terminal Command Failed: Error: Command failed: cd /run/media/peters/Danno_SuperDARN/Git_Projects/Repo-B && git commit -m "User: DannoPeters   Message:Update hdw.dat.ade"

28/5/2019 17:8:26 UTC    INIT: Node.js server listening on 8080
28/5/2019 17:8:41 UTC              ERROR: Terminal Command Failed: Error: Command failed: cp /run/media/peters/Danno_SuperDARN/Git_Projects/Repo-A/HDW/hdw.dat.ade /run/media/peters/Danno_SuperDARN/Git_Projects/Repo-B/hardware_dir/HDW/undefined/undefined/undefined/undefined/undefined/undefined/undefined/undefined/undefined/undefined/
cp: cannot create regular file '/run/media/peters/Danno_SuperDARN/Git_Projects/Repo-B/hardware_dir/HDW/undefined/undefined/undefined/undefined/undefined/undefined/undefined/undefined/undefined/undefined/': No such file or directory

28/5/2019 17:8:41 UTC              ERROR: Terminal Command Failed: Error: Command failed: cd /run/media/peters/Danno_SuperDARN/Git_Projects/Repo-B && git commit -m "User: DannoPeters   Message:Update hdw.dat.ade"

28/5/2019 17:9:32 UTC    INIT: Node.js server listening on 8080
28/5/2019 17:9:43 UTC              ERROR: Terminal Command Failed: Error: Command failed: cp /run/media/peters/Danno_SuperDARN/Git_Projects/Repo-A/HDW/hdw.dat.ade /run/media/peters/Danno_SuperDARN/Git_Projects/Repo-B/hardware_dir/HDW/undefined/undefined/undefined/undefined/undefined/undefined/undefined/undefined/undefined/undefined/
cp: cannot create regular file '/run/media/peters/Danno_SuperDARN/Git_Projects/Repo-B/hardware_dir/HDW/undefined/undefined/undefined/undefined/undefined/undefined/undefined/undefined/undefined/undefined/': No such file or directory

28/5/2019 17:9:43 UTC              ERROR: Terminal Command Failed: Error: Command failed: cd /run/media/peters/Danno_SuperDARN/Git_Projects/Repo-B && git commit -m "User: DannoPeters   Message:Update hdw.dat.ade"

28/5/2019 17:12:40 UTC    INIT: Node.js server listening on 8080
28/5/2019 17:12:53 UTC              ERROR: Terminal Command Failed: Error: Command failed: cp /run/media/peters/Danno_SuperDARN/Git_Projects/Repo-A/HDW/hdw.dat.ade /run/media/peters/Danno_SuperDARN/Git_Projects/Repo-B/hardware_dir/HDW/hdw.dat.ade/
cp: failed to access '/run/media/peters/Danno_SuperDARN/Git_Projects/Repo-B/hardware_dir/HDW/hdw.dat.ade/': Not a directory

28/5/2019 17:12:54 UTC              ERROR: Terminal Command Failed: Error: Command failed: cd /run/media/peters/Danno_SuperDARN/Git_Projects/Repo-B && git commit -m "User: DannoPeters   Message:Update hdw.dat.ade"

28/5/2019 17:13:29 UTC    INIT: Node.js server listening on 8080
28/5/2019 17:13:48 UTC              ERROR: DannoPeters/Repo-B push confirmation failed: ReferenceError: testModifed is not defined

28/5/2019 17:31:47 UTC    INIT: Node.js server listening on 8080
28/5/2019 17:32:7 UTC              ERROR: DannoPeters/Repo-B push confirmation failed: ReferenceError: testModifed is not defined

28/5/2019 17:33:20 UTC    INIT: Node.js server listening on 8080
28/5/2019 17:33:40 UTC              ERROR: DannoPeters/Repo-B push confirmation failed: ReferenceError: testModifed is not defined

28/5/2019 17:40:18 UTC    INIT: Node.js server listening on 8080
28/5/2019 17:40:34 UTC              ERROR: DannoPeters/Repo-B push confirmation failed: ReferenceError: testModifed is not defined

28/5/2019 17:42:14 UTC    INIT: Node.js server listening on 8080
28/5/2019 17:42:32 UTC              ERROR: DannoPeters/Repo-B push confirmation failed: ReferenceError: testModifed is not defined

28/5/2019 17:52:45 UTC    INIT: Node.js server listening on 8080

28/5/2019 17:55:6 UTC    INIT: Node.js server listening on 8080
28/5/2019 17:55:23 UTC              ERROR: DannoPeters/Repo-B push confirmation failed: ReferenceError: testModifed is not defined

28/5/2019 17:55:56 UTC    INIT: Node.js server listening on 8080
28/5/2019 17:56:13 UTC              ERROR: DannoPeters/Repo-B push confirmation failed: ReferenceError: testModifed is not defined

28/5/2019 17:56:45 UTC    INIT: Node.js server listening on 8080
